app/build/intermediates/manifest_merge_blame_file/release/processReleaseMainManifest/manifest-merger-blame-release-report.txt
1<?xml version="1.0" encoding="utf-8"?>
2<manifest xmlns:android="http://schemas.android.com/apk/res/android"
3    package="com.marsIT.marsapp"
4    android:versionCode="1"
5    android:versionName="6.25.1" >
6
7    <uses-sdk
8        android:minSdkVersion="21"
9        android:targetSdkVersion="36" />
10
11    <!-- Permissions Start -->
12    <!-- Precise Location (ACCESS_FINE_LOCATION) -->
13    <!--
14          * For GPS (Global Positioning System)
15          * Wi-Fi
16          * Cellular networks
17          * Bluetooth (for Android 8.0 and higher)
18    -->
19    <uses-permission android:name="android.permission.ACCESS_FINE_LOCATION" />
19-->src\main\AndroidManifest.xml:13:5-79
19-->src\main\AndroidManifest.xml:13:22-76
20
21    <!--
22          * For Wi-Fi
23          * Cell tower signals
24          * Other network-based methods (like IP address)
25    -->
26    <uses-permission android:name="android.permission.ACCESS_COARSE_LOCATION" />
26-->src\main\AndroidManifest.xml:20:5-81
26-->src\main\AndroidManifest.xml:20:22-78
27
28    <!-- Telephony Permissions -->
29    <uses-permission android:name="android.permission.SEND_SMS" />
29-->src\main\AndroidManifest.xml:23:5-67
29-->src\main\AndroidManifest.xml:23:22-64
30    <uses-permission android:name="android.permission.RECEIVE_SMS" />
30-->src\main\AndroidManifest.xml:24:5-70
30-->src\main\AndroidManifest.xml:24:22-67
31    <uses-permission android:name="android.permission.READ_SMS" />
31-->src\main\AndroidManifest.xml:25:5-67
31-->src\main\AndroidManifest.xml:25:22-64
32    <uses-permission android:name="android.permission.POST_NOTIFICATIONS" />
32-->src\main\AndroidManifest.xml:26:5-76
32-->src\main\AndroidManifest.xml:26:22-74
33
34    <!-- This ensures that the app only installs on devices with GPS and SMS capabilities -->
35    <!-- Telephony Hardware Feature to enable all the Telephony Permission -->
36    <uses-permission android:name="android.permission.USE_SIP" />
36-->src\main\AndroidManifest.xml:30:5-66
36-->src\main\AndroidManifest.xml:30:22-63
37
38    <uses-feature
38-->src\main\AndroidManifest.xml:32:5-90
39        android:name="android.hardware.location.gps"
39-->src\main\AndroidManifest.xml:32:19-63
40        android:required="false" />
40-->src\main\AndroidManifest.xml:32:64-88
41    <uses-feature
41-->src\main\AndroidManifest.xml:33:5-88
42        android:name="android.hardware.telephony"
42-->src\main\AndroidManifest.xml:33:19-60
43        android:required="false" />
43-->src\main\AndroidManifest.xml:33:61-85
44
45    <uses-permission android:name="android.permission.WAKE_LOCK" />
45-->[androidx.work:work-runtime:2.10.1] AndroidManifest.xml:23:5-68
45-->[androidx.work:work-runtime:2.10.1] AndroidManifest.xml:23:22-65
46    <uses-permission android:name="android.permission.ACCESS_NETWORK_STATE" />
46-->[androidx.work:work-runtime:2.10.1] AndroidManifest.xml:24:5-79
46-->[androidx.work:work-runtime:2.10.1] AndroidManifest.xml:24:22-76
47    <uses-permission android:name="android.permission.RECEIVE_BOOT_COMPLETED" />
47-->[androidx.work:work-runtime:2.10.1] AndroidManifest.xml:25:5-81
47-->[androidx.work:work-runtime:2.10.1] AndroidManifest.xml:25:22-78
48    <uses-permission android:name="android.permission.FOREGROUND_SERVICE" />
48-->[androidx.work:work-runtime:2.10.1] AndroidManifest.xml:26:5-77
48-->[androidx.work:work-runtime:2.10.1] AndroidManifest.xml:26:22-74
49
50    <permission
50-->[androidx.core:core:1.13.0] AndroidManifest.xml:22:5-24:47
51        android:name="com.marsIT.marsapp.DYNAMIC_RECEIVER_NOT_EXPORTED_PERMISSION"
51-->[androidx.core:core:1.13.0] AndroidManifest.xml:23:9-81
52        android:protectionLevel="signature" />
52-->[androidx.core:core:1.13.0] AndroidManifest.xml:24:9-44
53
54    <uses-permission android:name="com.marsIT.marsapp.DYNAMIC_RECEIVER_NOT_EXPORTED_PERMISSION" /> <!-- Permissions End -->
54-->[androidx.core:core:1.13.0] AndroidManifest.xml:26:5-97
54-->[androidx.core:core:1.13.0] AndroidManifest.xml:26:22-94
55    <application
55-->src\main\AndroidManifest.xml:36:5-237:19
56        android:allowBackup="true"
56-->src\main\AndroidManifest.xml:37:9-35
57        android:appComponentFactory="androidx.core.app.CoreComponentFactory"
57-->[androidx.core:core:1.13.0] AndroidManifest.xml:28:18-86
58        android:dataExtractionRules="@xml/data_extraction_rules"
58-->src\main\AndroidManifest.xml:38:9-65
59        android:extractNativeLibs="true"
60        android:fullBackupContent="@xml/backup_rules"
60-->src\main\AndroidManifest.xml:39:9-54
61        android:icon="@mipmap/ic_launcher_marslogo"
61-->src\main\AndroidManifest.xml:40:9-52
62        android:label="@string/app_name"
62-->src\main\AndroidManifest.xml:41:9-41
63        android:roundIcon="@mipmap/ic_launcher_marslogo_round"
63-->src\main\AndroidManifest.xml:42:9-63
64        android:supportsRtl="true"
64-->src\main\AndroidManifest.xml:43:9-35
65        android:theme="@style/Theme.MarsApp" >
65-->src\main\AndroidManifest.xml:44:9-45
66
67        <!-- android:theme="@style/Theme.MarsApp" -->
68
69
70        <!-- for Maps APIs -->
71        <!-- <meta-data -->
72        <!-- android:name="com.google.android.geo.API_KEY" -->
73        <!-- android:value="YOUR_GOOGLE_MAPS_API_KEY"/> -->
74
75        <activity
75-->src\main\AndroidManifest.xml:54:9-56:40
76            android:name="com.marsIT.marsapp.MarsAppStartUp.Startup"
76-->src\main\AndroidManifest.xml:55:13-51
77            android:exported="false" />
77-->src\main\AndroidManifest.xml:56:13-37
78        <activity
78-->src\main\AndroidManifest.xml:58:9-65:20
79            android:name="com.marsIT.marsapp.MainProgram.MainActivity"
79-->src\main\AndroidManifest.xml:59:13-53
80            android:exported="true" >
80-->src\main\AndroidManifest.xml:60:13-36
81            <intent-filter>
81-->src\main\AndroidManifest.xml:61:13-64:29
82                <action android:name="android.intent.action.MAIN" />
82-->src\main\AndroidManifest.xml:62:17-69
82-->src\main\AndroidManifest.xml:62:25-66
83
84                <category android:name="android.intent.category.LAUNCHER" />
84-->src\main\AndroidManifest.xml:63:17-77
84-->src\main\AndroidManifest.xml:63:27-74
85            </intent-filter>
86        </activity>
87
88        <!-- Receiver with exported attribute -->
89        <receiver
89-->src\main\AndroidManifest.xml:68:9-75:20
90            android:name="com.marsIT.marsapp.Receiver.SMSReceiver"
90-->src\main\AndroidManifest.xml:69:13-49
91            android:exported="true"
91-->src\main\AndroidManifest.xml:71:13-36
92            android:permission="android.permission.BROADCAST_SMS" >
92-->src\main\AndroidManifest.xml:70:13-66
93            <intent-filter android:priority="999" >
93-->src\main\AndroidManifest.xml:72:13-74:29
93-->src\main\AndroidManifest.xml:72:28-50
94                <action android:name="android.provider.Telephony.SMS_RECEIVED" />
94-->src\main\AndroidManifest.xml:73:17-82
94-->src\main\AndroidManifest.xml:73:25-79
95            </intent-filter>
96        </receiver>
97
98        <!-- Additional Activities -->
99
100
101        <!-- TEST -->
102        <!-- <activity android:name=".NotVisitedCustomersActivity" /> -->
103        <!-- TEST -->
104
105
106        <!-- disabled -->
107        <!-- <activity android:name=".InstallProgress.InstallProgress" /> -->
108
109        <activity
109-->src\main\AndroidManifest.xml:86:9-88:63
110            android:name="com.marsIT.marsapp.SendReason.SendReason"
110-->src\main\AndroidManifest.xml:87:13-50
111            android:label="@string/title_activity_no_order" />
111-->src\main\AndroidManifest.xml:88:13-60
112        <activity
112-->src\main\AndroidManifest.xml:90:9-92:66
113            android:name="com.marsIT.marsapp.InvoiceData.NewInvoice"
113-->src\main\AndroidManifest.xml:91:13-51
114            android:label="@string/title_activity_new_invoice" />
114-->src\main\AndroidManifest.xml:92:13-63
115        <activity
115-->src\main\AndroidManifest.xml:94:9-96:80
116            android:name="com.marsIT.marsapp.CustomerData.AgrichemCustomerDetails"
116-->src\main\AndroidManifest.xml:95:13-65
117            android:label="@string/title_activity_agrichem_customer_details" />
117-->src\main\AndroidManifest.xml:96:13-77
118        <activity
118-->src\main\AndroidManifest.xml:98:9-100:71
119            android:name="com.marsIT.marsapp.CustomerData.CustomerDetails"
119-->src\main\AndroidManifest.xml:99:13-57
120            android:label="@string/title_activity_customer_details" />
120-->src\main\AndroidManifest.xml:100:13-68
121        <activity
121-->src\main\AndroidManifest.xml:102:9-104:70
122            android:name="com.marsIT.marsapp.Inventory.SalesInventory"
122-->src\main\AndroidManifest.xml:103:13-53
123            android:label="@string/title_activity_sales_inventory" />
123-->src\main\AndroidManifest.xml:104:13-67
124        <activity
124-->src\main\AndroidManifest.xml:106:9-108:80
125            android:name="com.marsIT.marsapp.CustomerData.ConsumerCustomerDetails"
125-->src\main\AndroidManifest.xml:107:13-65
126            android:label="@string/title_activity_consumer_customer_details" />
126-->src\main\AndroidManifest.xml:108:13-77
127        <activity
127-->src\main\AndroidManifest.xml:110:9-112:73
128            android:name="com.marsIT.marsapp.CustomerData.NewOtherCustomer"
128-->src\main\AndroidManifest.xml:111:13-58
129            android:label="@string/title_activity_new_other_customer" />
129-->src\main\AndroidManifest.xml:112:13-70
130        <activity
130-->src\main\AndroidManifest.xml:114:9-116:82
131            android:name="com.marsIT.marsapp.CustomerData.ConsumerNewOtherCustomer"
131-->src\main\AndroidManifest.xml:115:13-66
132            android:label="@string/title_activity_consumer_new_other_customer" />
132-->src\main\AndroidManifest.xml:116:13-79
133        <activity
133-->src\main\AndroidManifest.xml:118:9-120:82
134            android:name="com.marsIT.marsapp.CustomerData.AgrichemNewOtherCustomer"
134-->src\main\AndroidManifest.xml:119:13-66
135            android:label="@string/title_activity_agrichem_new_other_customer" />
135-->src\main\AndroidManifest.xml:120:13-79
136        <activity
136-->src\main\AndroidManifest.xml:122:9-124:78
137            android:name="com.marsIT.marsapp.VanSelling.VansellingLoadingPlan"
137-->src\main\AndroidManifest.xml:123:13-61
138            android:label="@string/title_activity_vanselling_loading_plan" />
138-->src\main\AndroidManifest.xml:124:13-75
139        <activity
139-->src\main\AndroidManifest.xml:126:9-128:69
140            android:name="com.marsIT.marsapp.CustomerData.OtherCustomer"
140-->src\main\AndroidManifest.xml:127:13-55
141            android:label="@string/title_activity_other_customer" />
141-->src\main\AndroidManifest.xml:128:13-66
142
143        <!-- <activity android:name=".Startup" -->
144        <!-- android:label="@string/title_activity_startup" /> -->
145
146        <activity
146-->src\main\AndroidManifest.xml:133:9-135:70
147            android:name="com.marsIT.marsapp.Inventory.PaymentDetails"
147-->src\main\AndroidManifest.xml:134:13-53
148            android:label="@string/title_activity_payment_details" />
148-->src\main\AndroidManifest.xml:135:13-67
149        <activity
149-->src\main\AndroidManifest.xml:137:9-139:63
150            android:name="com.marsIT.marsapp.Inventory.AddItem"
150-->src\main\AndroidManifest.xml:138:13-46
151            android:label="@string/title_activity_add_item" />
151-->src\main\AndroidManifest.xml:139:13-60
152        <activity
152-->src\main\AndroidManifest.xml:141:9-143:73
153            android:name="com.marsIT.marsapp.Inventory.AddItemInventory"
153-->src\main\AndroidManifest.xml:142:13-55
154            android:label="@string/title_activity_add_item_inventory" />
154-->src\main\AndroidManifest.xml:143:13-70
155        <activity
155-->src\main\AndroidManifest.xml:145:9-147:63
156            android:name="com.marsIT.marsapp.BankMap.BankMap"
156-->src\main\AndroidManifest.xml:146:13-44
157            android:label="@string/title_activity_bank_map" />
157-->src\main\AndroidManifest.xml:147:13-60
158        <activity
158-->src\main\AndroidManifest.xml:149:9-151:68
159            android:name="com.marsIT.marsapp.CustomerData.CustomerData"
159-->src\main\AndroidManifest.xml:150:13-54
160            android:label="@string/title_activity_customer_data" />
160-->src\main\AndroidManifest.xml:151:13-65
161        <activity
161-->src\main\AndroidManifest.xml:153:9-155:66
162            android:name="com.marsIT.marsapp.InvoiceData.InvoiceDtl"
162-->src\main\AndroidManifest.xml:154:13-51
163            android:label="@string/title_activity_invoice_dtl" />
163-->src\main\AndroidManifest.xml:155:13-63
164        <activity
164-->src\main\AndroidManifest.xml:157:9-159:75
165            android:name="com.marsIT.marsapp.SendReason.ViewCustomerReason"
165-->src\main\AndroidManifest.xml:158:13-58
166            android:label="@string/title_activity_view_customer_reason" />
166-->src\main\AndroidManifest.xml:159:13-72
167        <activity
167-->src\main\AndroidManifest.xml:161:9-163:72
168            android:name="com.marsIT.marsapp.Inventory.ViewLoadingPlan"
168-->src\main\AndroidManifest.xml:162:13-54
169            android:label="@string/title_activity_view_loading_plan" />
169-->src\main\AndroidManifest.xml:163:13-69
170        <activity
170-->src\main\AndroidManifest.xml:165:9-167:72
171            android:name="com.marsIT.marsapp.VanSelling.VansellingReturn"
171-->src\main\AndroidManifest.xml:166:13-56
172            android:label="@string/title_activity_vanselling_return" />
172-->src\main\AndroidManifest.xml:167:13-69
173        <activity
173-->src\main\AndroidManifest.xml:169:9-171:76
174            android:name="com.marsIT.marsapp.VanSelling.VansellingReturnNew"
174-->src\main\AndroidManifest.xml:170:13-59
175            android:label="@string/title_activity_vanselling_return_new" />
175-->src\main\AndroidManifest.xml:171:13-73
176        <activity
176-->src\main\AndroidManifest.xml:173:9-175:76
177            android:name="com.marsIT.marsapp.VanSelling.VansellingReturnDtl"
177-->src\main\AndroidManifest.xml:174:13-59
178            android:label="@string/title_activity_vanselling_return_dtl" />
178-->src\main\AndroidManifest.xml:175:13-73
179        <activity
179-->src\main\AndroidManifest.xml:177:9-179:61
180            android:name="com.marsIT.marsapp.Inventory.Ledger"
180-->src\main\AndroidManifest.xml:178:13-45
181            android:label="@string/title_activity_ledger" />
181-->src\main\AndroidManifest.xml:179:13-58
182
183        <!-- UpdateSQLpackages Data; Setup Here -->
184        <activity
184-->src\main\AndroidManifest.xml:183:9-185:61
185            android:name="com.marsIT.marsapp.UpdateSQLpackages.AgriChemData"
185-->src\main\AndroidManifest.xml:184:13-59
186            android:label="@string/title_activity_eqdata" />
186-->src\main\AndroidManifest.xml:185:13-58
187        <activity
187-->src\main\AndroidManifest.xml:187:9-189:61
188            android:name="com.marsIT.marsapp.UpdateSQLpackages.BeloData"
188-->src\main\AndroidManifest.xml:188:13-55
189            android:label="@string/title_activity_eqdata" />
189-->src\main\AndroidManifest.xml:189:13-58
190        <activity
190-->src\main\AndroidManifest.xml:191:9-193:68
191            android:name="com.marsIT.marsapp.UpdateSQLpackages.Century1Data"
191-->src\main\AndroidManifest.xml:192:13-59
192            android:label="@string/title_activity_century1_data" />
192-->src\main\AndroidManifest.xml:193:13-65
193        <activity
193-->src\main\AndroidManifest.xml:195:9-197:68
194            android:name="com.marsIT.marsapp.UpdateSQLpackages.Century2Data"
194-->src\main\AndroidManifest.xml:196:13-59
195            android:label="@string/title_activity_century2_data" />
195-->src\main\AndroidManifest.xml:197:13-65
196        <activity
196-->src\main\AndroidManifest.xml:199:9-201:61
197            android:name="com.marsIT.marsapp.UpdateSQLpackages.EqData"
197-->src\main\AndroidManifest.xml:200:13-53
198            android:label="@string/title_activity_eqdata" />
198-->src\main\AndroidManifest.xml:201:13-58
199        <activity
199-->src\main\AndroidManifest.xml:203:9-205:61
200            android:name="com.marsIT.marsapp.UpdateSQLpackages.GoodestData"
200-->src\main\AndroidManifest.xml:204:13-58
201            android:label="@string/title_activity_eqdata" />
201-->src\main\AndroidManifest.xml:205:13-58
202        <activity
202-->src\main\AndroidManifest.xml:207:9-209:61
203            android:name="com.marsIT.marsapp.UpdateSQLpackages.MultiLinesData"
203-->src\main\AndroidManifest.xml:208:13-61
204            android:label="@string/title_activity_eqdata" />
204-->src\main\AndroidManifest.xml:209:13-58
205        <activity
205-->src\main\AndroidManifest.xml:211:9-213:61
206            android:name="com.marsIT.marsapp.UpdateSQLpackages.LubricantsData"
206-->src\main\AndroidManifest.xml:212:13-61
207            android:label="@string/title_activity_eqdata" />
207-->src\main\AndroidManifest.xml:213:13-58
208        <activity
208-->src\main\AndroidManifest.xml:215:9-217:67
209            android:name="com.marsIT.marsapp.UpdateSQLpackages.MontoscoData"
209-->src\main\AndroidManifest.xml:216:13-59
210            android:label="@string/title_activity_montoscodata" />
210-->src\main\AndroidManifest.xml:217:13-64
211        <activity
211-->src\main\AndroidManifest.xml:219:9-221:63
212            android:name="com.marsIT.marsapp.UpdateSQLpackages.PeerlessData"
212-->src\main\AndroidManifest.xml:220:13-59
213            android:label="@string/title_activity_urc_data" />
213-->src\main\AndroidManifest.xml:221:13-60
214        <activity
214-->src\main\AndroidManifest.xml:223:9-225:63
215            android:name="com.marsIT.marsapp.UpdateSQLpackages.SolaneData"
215-->src\main\AndroidManifest.xml:224:13-57
216            android:label="@string/title_activity_urc_data" />
216-->src\main\AndroidManifest.xml:225:13-60
217        <activity
217-->src\main\AndroidManifest.xml:227:9-229:63
218            android:name="com.marsIT.marsapp.UpdateSQLpackages.UrcData"
218-->src\main\AndroidManifest.xml:228:13-54
219            android:label="@string/title_activity_urc_data" />
219-->src\main\AndroidManifest.xml:229:13-60
220        <!-- UpdateSQLpackages Data -->
221
222        <activity
222-->src\main\AndroidManifest.xml:232:9-234:63
223            android:name="com.marsIT.marsapp.UpdateSQLpackages.RamData"
223-->src\main\AndroidManifest.xml:233:13-54
224            android:label="@string/title_activity_urc_data" />
224-->src\main\AndroidManifest.xml:234:13-60
225        <!-- UpdateSQLpackages Data -->
226
227        <activity
227-->[com.google.android.gms:play-services-base:18.5.0] AndroidManifest.xml:5:9-173
228            android:name="com.google.android.gms.common.api.GoogleApiActivity"
228-->[com.google.android.gms:play-services-base:18.5.0] AndroidManifest.xml:5:19-85
229            android:exported="false"
229-->[com.google.android.gms:play-services-base:18.5.0] AndroidManifest.xml:5:146-170
230            android:theme="@android:style/Theme.Translucent.NoTitleBar" />
230-->[com.google.android.gms:play-services-base:18.5.0] AndroidManifest.xml:5:86-145
231
232        <meta-data
232-->[com.google.android.gms:play-services-basement:18.4.0] AndroidManifest.xml:6:9-122
233            android:name="com.google.android.gms.version"
233-->[com.google.android.gms:play-services-basement:18.4.0] AndroidManifest.xml:6:20-65
234            android:value="@integer/google_play_services_version" />
234-->[com.google.android.gms:play-services-basement:18.4.0] AndroidManifest.xml:6:66-119
235
236        <provider
236-->[androidx.work:work-runtime:2.10.1] AndroidManifest.xml:29:9-37:20
237            android:name="androidx.startup.InitializationProvider"
237-->[androidx.work:work-runtime:2.10.1] AndroidManifest.xml:30:13-67
238            android:authorities="com.marsIT.marsapp.androidx-startup"
238-->[androidx.work:work-runtime:2.10.1] AndroidManifest.xml:31:13-68
239            android:exported="false" >
239-->[androidx.work:work-runtime:2.10.1] AndroidManifest.xml:32:13-37
240            <meta-data
240-->[androidx.work:work-runtime:2.10.1] AndroidManifest.xml:34:13-36:52
241                android:name="androidx.work.WorkManagerInitializer"
241-->[androidx.work:work-runtime:2.10.1] AndroidManifest.xml:35:17-68
242                android:value="androidx.startup" />
242-->[androidx.work:work-runtime:2.10.1] AndroidManifest.xml:36:17-49
243            <meta-data
243-->[androidx.emoji2:emoji2:1.3.0] AndroidManifest.xml:29:13-31:52
244                android:name="androidx.emoji2.text.EmojiCompatInitializer"
244-->[androidx.emoji2:emoji2:1.3.0] AndroidManifest.xml:30:17-75
245                android:value="androidx.startup" />
245-->[androidx.emoji2:emoji2:1.3.0] AndroidManifest.xml:31:17-49
246            <meta-data
246-->[androidx.lifecycle:lifecycle-process:2.6.2] AndroidManifest.xml:29:13-31:52
247                android:name="androidx.lifecycle.ProcessLifecycleInitializer"
247-->[androidx.lifecycle:lifecycle-process:2.6.2] AndroidManifest.xml:30:17-78
248                android:value="androidx.startup" />
248-->[androidx.lifecycle:lifecycle-process:2.6.2] AndroidManifest.xml:31:17-49
249            <meta-data
249-->[androidx.profileinstaller:profileinstaller:1.4.0] AndroidManifest.xml:29:13-31:52
250                android:name="androidx.profileinstaller.ProfileInstallerInitializer"
250-->[androidx.profileinstaller:profileinstaller:1.4.0] AndroidManifest.xml:30:17-85
251                android:value="androidx.startup" />
251-->[androidx.profileinstaller:profileinstaller:1.4.0] AndroidManifest.xml:31:17-49
252        </provider>
253
254        <service
254-->[androidx.work:work-runtime:2.10.1] AndroidManifest.xml:39:9-45:35
255            android:name="androidx.work.impl.background.systemalarm.SystemAlarmService"
255-->[androidx.work:work-runtime:2.10.1] AndroidManifest.xml:40:13-88
256            android:directBootAware="false"
256-->[androidx.work:work-runtime:2.10.1] AndroidManifest.xml:41:13-44
257            android:enabled="@bool/enable_system_alarm_service_default"
257-->[androidx.work:work-runtime:2.10.1] AndroidManifest.xml:42:13-72
258            android:exported="false" />
258-->[androidx.work:work-runtime:2.10.1] AndroidManifest.xml:43:13-37
259        <service
259-->[androidx.work:work-runtime:2.10.1] AndroidManifest.xml:46:9-52:35
260            android:name="androidx.work.impl.background.systemjob.SystemJobService"
260-->[androidx.work:work-runtime:2.10.1] AndroidManifest.xml:47:13-84
261            android:directBootAware="false"
261-->[androidx.work:work-runtime:2.10.1] AndroidManifest.xml:48:13-44
262            android:enabled="@bool/enable_system_job_service_default"
262-->[androidx.work:work-runtime:2.10.1] AndroidManifest.xml:49:13-70
263            android:exported="true"
263-->[androidx.work:work-runtime:2.10.1] AndroidManifest.xml:50:13-36
264            android:permission="android.permission.BIND_JOB_SERVICE" />
264-->[androidx.work:work-runtime:2.10.1] AndroidManifest.xml:51:13-69
265        <service
265-->[androidx.work:work-runtime:2.10.1] AndroidManifest.xml:53:9-59:35
266            android:name="androidx.work.impl.foreground.SystemForegroundService"
266-->[androidx.work:work-runtime:2.10.1] AndroidManifest.xml:54:13-81
267            android:directBootAware="false"
267-->[androidx.work:work-runtime:2.10.1] AndroidManifest.xml:55:13-44
268            android:enabled="@bool/enable_system_foreground_service_default"
268-->[androidx.work:work-runtime:2.10.1] AndroidManifest.xml:56:13-77
269            android:exported="false" />
269-->[androidx.work:work-runtime:2.10.1] AndroidManifest.xml:57:13-37
270
271        <receiver
271-->[androidx.work:work-runtime:2.10.1] AndroidManifest.xml:61:9-66:35
272            android:name="androidx.work.impl.utils.ForceStopRunnable$BroadcastReceiver"
272-->[androidx.work:work-runtime:2.10.1] AndroidManifest.xml:62:13-88
273            android:directBootAware="false"
273-->[androidx.work:work-runtime:2.10.1] AndroidManifest.xml:63:13-44
274            android:enabled="true"
274-->[androidx.work:work-runtime:2.10.1] AndroidManifest.xml:64:13-35
275            android:exported="false" />
275-->[androidx.work:work-runtime:2.10.1] AndroidManifest.xml:65:13-37
276        <receiver
276-->[androidx.work:work-runtime:2.10.1] AndroidManifest.xml:67:9-77:20
277            android:name="androidx.work.impl.background.systemalarm.ConstraintProxy$BatteryChargingProxy"
277-->[androidx.work:work-runtime:2.10.1] AndroidManifest.xml:68:13-106
278            android:directBootAware="false"
278-->[androidx.work:work-runtime:2.10.1] AndroidManifest.xml:69:13-44
279            android:enabled="false"
279-->[androidx.work:work-runtime:2.10.1] AndroidManifest.xml:70:13-36
280            android:exported="false" >
280-->[androidx.work:work-runtime:2.10.1] AndroidManifest.xml:71:13-37
281            <intent-filter>
281-->[androidx.work:work-runtime:2.10.1] AndroidManifest.xml:73:13-76:29
282                <action android:name="android.intent.action.ACTION_POWER_CONNECTED" />
282-->[androidx.work:work-runtime:2.10.1] AndroidManifest.xml:74:17-87
282-->[androidx.work:work-runtime:2.10.1] AndroidManifest.xml:74:25-84
283                <action android:name="android.intent.action.ACTION_POWER_DISCONNECTED" />
283-->[androidx.work:work-runtime:2.10.1] AndroidManifest.xml:75:17-90
283-->[androidx.work:work-runtime:2.10.1] AndroidManifest.xml:75:25-87
284            </intent-filter>
285        </receiver>
286        <receiver
286-->[androidx.work:work-runtime:2.10.1] AndroidManifest.xml:78:9-88:20
287            android:name="androidx.work.impl.background.systemalarm.ConstraintProxy$BatteryNotLowProxy"
287-->[androidx.work:work-runtime:2.10.1] AndroidManifest.xml:79:13-104
288            android:directBootAware="false"
288-->[androidx.work:work-runtime:2.10.1] AndroidManifest.xml:80:13-44
289            android:enabled="false"
289-->[androidx.work:work-runtime:2.10.1] AndroidManifest.xml:81:13-36
290            android:exported="false" >
290-->[androidx.work:work-runtime:2.10.1] AndroidManifest.xml:82:13-37
291            <intent-filter>
291-->[androidx.work:work-runtime:2.10.1] AndroidManifest.xml:84:13-87:29
292                <action android:name="android.intent.action.BATTERY_OKAY" />
292-->[androidx.work:work-runtime:2.10.1] AndroidManifest.xml:85:17-77
292-->[androidx.work:work-runtime:2.10.1] AndroidManifest.xml:85:25-74
293                <action android:name="android.intent.action.BATTERY_LOW" />
293-->[androidx.work:work-runtime:2.10.1] AndroidManifest.xml:86:17-76
293-->[androidx.work:work-runtime:2.10.1] AndroidManifest.xml:86:25-73
294            </intent-filter>
295        </receiver>
296        <receiver
296-->[androidx.work:work-runtime:2.10.1] AndroidManifest.xml:89:9-99:20
297            android:name="androidx.work.impl.background.systemalarm.ConstraintProxy$StorageNotLowProxy"
297-->[androidx.work:work-runtime:2.10.1] AndroidManifest.xml:90:13-104
298            android:directBootAware="false"
298-->[androidx.work:work-runtime:2.10.1] AndroidManifest.xml:91:13-44
299            android:enabled="false"
299-->[androidx.work:work-runtime:2.10.1] AndroidManifest.xml:92:13-36
300            android:exported="false" >
300-->[androidx.work:work-runtime:2.10.1] AndroidManifest.xml:93:13-37
301            <intent-filter>
301-->[androidx.work:work-runtime:2.10.1] AndroidManifest.xml:95:13-98:29
302                <action android:name="android.intent.action.DEVICE_STORAGE_LOW" />
302-->[androidx.work:work-runtime:2.10.1] AndroidManifest.xml:96:17-83
302-->[androidx.work:work-runtime:2.10.1] AndroidManifest.xml:96:25-80
303                <action android:name="android.intent.action.DEVICE_STORAGE_OK" />
303-->[androidx.work:work-runtime:2.10.1] AndroidManifest.xml:97:17-82
303-->[androidx.work:work-runtime:2.10.1] AndroidManifest.xml:97:25-79
304            </intent-filter>
305        </receiver>
306        <receiver
306-->[androidx.work:work-runtime:2.10.1] AndroidManifest.xml:100:9-109:20
307            android:name="androidx.work.impl.background.systemalarm.ConstraintProxy$NetworkStateProxy"
307-->[androidx.work:work-runtime:2.10.1] AndroidManifest.xml:101:13-103
308            android:directBootAware="false"
308-->[androidx.work:work-runtime:2.10.1] AndroidManifest.xml:102:13-44
309            android:enabled="false"
309-->[androidx.work:work-runtime:2.10.1] AndroidManifest.xml:103:13-36
310            android:exported="false" >
310-->[androidx.work:work-runtime:2.10.1] AndroidManifest.xml:104:13-37
311            <intent-filter>
311-->[androidx.work:work-runtime:2.10.1] AndroidManifest.xml:106:13-108:29
312                <action android:name="android.net.conn.CONNECTIVITY_CHANGE" />
312-->[androidx.work:work-runtime:2.10.1] AndroidManifest.xml:107:17-79
312-->[androidx.work:work-runtime:2.10.1] AndroidManifest.xml:107:25-76
313            </intent-filter>
314        </receiver>
315        <receiver
315-->[androidx.work:work-runtime:2.10.1] AndroidManifest.xml:110:9-121:20
316            android:name="androidx.work.impl.background.systemalarm.RescheduleReceiver"
316-->[androidx.work:work-runtime:2.10.1] AndroidManifest.xml:111:13-88
317            android:directBootAware="false"
317-->[androidx.work:work-runtime:2.10.1] AndroidManifest.xml:112:13-44
318            android:enabled="false"
318-->[androidx.work:work-runtime:2.10.1] AndroidManifest.xml:113:13-36
319            android:exported="false" >
319-->[androidx.work:work-runtime:2.10.1] AndroidManifest.xml:114:13-37
320            <intent-filter>
320-->[androidx.work:work-runtime:2.10.1] AndroidManifest.xml:116:13-120:29
321                <action android:name="android.intent.action.BOOT_COMPLETED" />
321-->[androidx.work:work-runtime:2.10.1] AndroidManifest.xml:117:17-79